SIMULATION SUMMARY

Simulation:
	Steps: 10000
	Number of chains: 1
	Number of algorithms: 4
	Verbose: true
	Started on 2026-04-09T16:07:44.941

System:
	Number of particles: 375
	Dimensions: 3
	Cell: [6.786044041487266, 6.786044041487266, 6.786044041487266]
	Density: 1.2
	Temperature: 2.0
	Neighbour list: LinkedList

Algorithms:
	Metropolis
		Calls: 10000
		MC steps per simulation step: 375
		Seed: 10
		Parallel: false
		Moves:
			Move 1:
				Action: Displacement
				Policy: SimpleGaussian
				Parameters: [0.05]
				Weight: 0.8
			Move 2:
				Action: MoleculeFlip
				Policy: DoubleUniform
				Parameters: Float64[]
				Weight: 0.2
	Arianna.StoreCallbacks
		Calls: 10000
	Arianna.StoreLastFrames
		Calls: 1
	Arianna.PrintTimeSteps
		Calls: 10000

Report:
	Simulation time: 22.779594375 s
	Simulation size: 0.2581758499145508 MB
	Status: Completed on 2026-04-09T16:08:07.903
