SIMULATION SUMMARY

Simulation:
	Steps: 10000
	Number of chains: 1
	Number of algorithms: 4
	Verbose: true
	Started on 2026-04-08T13:38:08.805

System:
	Number of particles: 3000
	Dimensions: 3
	Cell: [24.662120743304698, 24.662120743304698, 24.662120743304698]
	Density: 0.2
	Temperature: 2.0
	Neighbour list: LinkedList

Algorithms:
	Metropolis
		Calls: 10000
		MC steps per simulation step: 3000
		Seed: 10
		Parallel: false
		Moves:
			Move 1:
				Action: Displacement
				Policy: SimpleGaussian
				Parameters: [0.05]
				Weight: 0.8
			Move 2:
				Action: MoleculeFlip
				Policy: DoubleUniform
				Parameters: Float64[]
				Weight: 0.2
	Arianna.StoreCallbacks
		Calls: 10000
	Arianna.StoreLastFrames
		Calls: 1
	Arianna.PrintTimeSteps
		Calls: 10000

Report:
	Simulation time: 102.659408 s
	Simulation size: 0.5441360473632812 MB
	Status: Completed on 2026-04-08T13:39:51.856
